<?xml version="1.0" encoding="UTF-8"?>
<testng-results skipped="0" failed="0" ignored="0" total="2" passed="2">
  <reporter-output>
  </reporter-output>
  <suite name="Default suite" duration-ms="100256" started-at="2020-09-09T12:12:24 IST" finished-at="2020-09-09T12:14:04 IST">
    <groups>
      <group name="cucumber">
        <method signature="TestRunner.feature(cucumber.api.testng.CucumberFeatureWrapper)[pri:0, instance:com.cucumberFramework.Testrunner.TestRunner@bd8db5a]" name="feature" class="com.cucumberFramework.Testrunner.TestRunner"/>
      </group> <!-- cucumber -->
    </groups>
    <test name="Default test" duration-ms="100256" started-at="2020-09-09T12:12:24 IST" finished-at="2020-09-09T12:14:04 IST">
      <class name="com.cucumberFramework.Testrunner.TestRunner">
        <test-method status="PASS" signature="setUpClass()[pri:0, instance:com.cucumberFramework.Testrunner.TestRunner@bd8db5a]" name="setUpClass" is-config="true" duration-ms="459" started-at="2020-09-09T12:12:24 IST" finished-at="2020-09-09T12:12:24 IST">
          <reporter-output>
          </reporter-output>
        </test-method> <!-- setUpClass -->
        <test-method status="PASS" signature="feature(cucumber.api.testng.CucumberFeatureWrapper)[pri:0, instance:com.cucumberFramework.Testrunner.TestRunner@bd8db5a]" name="feature" duration-ms="48635" started-at="2020-09-09T12:12:24 IST" description="Runs Cucumber Feature" data-provider="features" finished-at="2020-09-09T12:13:13 IST">
          <params>
            <param index="0">
              <value>
                <![CDATA[LoginProfile]]>
              </value>
            </param>
          </params>
          <reporter-output>
          </reporter-output>
        </test-method> <!-- feature -->
        <test-method status="PASS" signature="feature(cucumber.api.testng.CucumberFeatureWrapper)[pri:0, instance:com.cucumberFramework.Testrunner.TestRunner@bd8db5a]" name="feature" duration-ms="50146" started-at="2020-09-09T12:13:13 IST" description="Runs Cucumber Feature" data-provider="features" finished-at="2020-09-09T12:14:03 IST">
          <params>
            <param index="0">
              <value>
                <![CDATA[LoginProfile2]]>
              </value>
            </param>
          </params>
          <reporter-output>
          </reporter-output>
        </test-method> <!-- feature -->
        <test-method status="PASS" signature="setup()[pri:0, instance:com.cucumberFramework.Testrunner.TestRunner@bd8db5a]" name="setup" is-config="true" duration-ms="122" started-at="2020-09-09T12:14:03 IST" finished-at="2020-09-09T12:14:03 IST">
          <reporter-output>
          </reporter-output>
        </test-method> <!-- setup -->
        <test-method status="PASS" signature="tearDownClass()[pri:0, instance:com.cucumberFramework.Testrunner.TestRunner@bd8db5a]" name="tearDownClass" is-config="true" duration-ms="638" started-at="2020-09-09T12:14:03 IST" finished-at="2020-09-09T12:14:04 IST">
          <reporter-output>
          </reporter-output>
        </test-method> <!-- tearDownClass -->
      </class> <!-- com.cucumberFramework.Testrunner.TestRunner -->
    </test> <!-- Default test -->
  </suite> <!-- Default suite -->
</testng-results>
